<?xml version="1.0" encoding="UTF-8"?>
<!-- Generated by org.testng.reporters.JUnitReportReporter -->
<testsuite hostname="MM-amyzaw" failures="0" tests="1" name="pom.TestCase1" time="28.000" errors="0" timestamp="2022-06-16T16:12:20 MMT" skipped="0">
  <testcase classname="pom.TestCase1" name="CheckoutUsingDirectBankTransfer" time="28.000"/>
  <system-out/>
</testsuite> <!-- pom.TestCase1 -->
