<?xml version="1.0" encoding="UTF-8"?>
<!-- Generated by org.testng.reporters.JUnitReportReporter -->
<testsuite hostname="MM-amyzaw" failures="0" tests="1" name="pom.TestCase2" time="26.972" errors="0" timestamp="2022-05-16T12:52:04 MMT" skipped="0">
  <testcase classname="pom.TestCase2" name="CheckoutUsingDirectBankTransfer" time="26.972"/>
  <system-out/>
</testsuite> <!-- pom.TestCase2 -->
