<?xml version="1.0" encoding="UTF-8"?>
<!-- Generated by org.testng.reporters.JUnitReportReporter -->
<testsuite hostname="MM-amyzaw" failures="0" tests="1" name="pom.tests.CheckoutTest" time="37.805" errors="0" timestamp="2022-12-14T16:49:55 MMT" skipped="0">
  <testcase classname="pom.tests.CheckoutTest" name="LoginAndCheckoutUsingDirectBankTransfer" time="37.805"/>
  <system-out/>
</testsuite> <!-- pom.tests.CheckoutTest -->
