<?xml version="1.0" encoding="UTF-8"?>
<!-- Generated by org.testng.reporters.JUnitReportReporter -->
<testsuite hostname="MM-amyzaw" failures="0" tests="1" name="pom.tests.AddToCartTest" time="13.274" errors="0" timestamp="2022-12-28T09:54:18 MMT" skipped="0">
  <testcase classname="pom.tests.AddToCartTest" name="addToCartFromStorePage" time="13.274"/>
  <system-out/>
</testsuite> <!-- pom.tests.AddToCartTest -->
