<?xml version="1.0" encoding="UTF-8"?>
<!-- Generated by org.testng.reporters.JUnitReportReporter -->
<testsuite hostname="MM-amyzaw" failures="0" tests="1" name="pom.tests.NavigationTest" time="26.466" errors="0" timestamp="2022-10-31T15:33:23 MMT" skipped="0">
  <testcase classname="pom.tests.NavigationTest" name="NavigateFromHomeToStoreUsingMainMenu" time="26.466"/>
  <system-out/>
</testsuite> <!-- pom.tests.NavigationTest -->
