<?xml version="1.0" encoding="UTF-8"?>
<!-- Generated by org.testng.reporters.JUnitReportReporter -->
<testsuite hostname="MM-amyzaw" failures="0" tests="1" name="pom.tests.SearchTest" time="19.381" errors="0" timestamp="2022-10-31T15:33:23 MMT" skipped="0">
  <testcase classname="pom.tests.SearchTest" name="searchWithPartialMatch" time="19.381"/>
  <system-out/>
</testsuite> <!-- pom.tests.SearchTest -->
