<?xml version="1.0" encoding="UTF-8"?>
<!-- Generated by org.testng.reporters.JUnitReportReporter -->
<testsuite hostname="MM-amyzaw" failures="0" tests="1" name="org.selenium.MyFirstTestCase" time="28.276" errors="0" timestamp="2022-05-05T23:54:14 MMT" skipped="0">
  <testcase classname="org.selenium.MyFirstTestCase" name="LoginAndCheckoutUsingDirectBankTransfer" time="28.276"/>
  <system-out/>
</testsuite> <!-- org.selenium.MyFirstTestCase -->
